
Mar 02, 2021 14:17:59.561 NEW SESSION
Mar 02, 2021 14:17:59.561 [7140:1616:0302/141759.544:ERROR:device_event_log_impl.cc(211)] [14:17:59.544] USB: usb_device_handle_win.cc:1049 Failed to read descriptor from node connection: A device attached to the system is not functioning. (0x1F)
Mar 02, 2021 14:17:59.936 [7140:1616:0302/141759.935:ERROR:device_event_log_impl.cc(211)] [14:17:59.935] Bluetooth: bluetooth_adapter_winrt.cc:1072 Getting Default Adapter failed.
Mar 02, 2021 14:18:37.728 [8152:776:0302/141837.727:ERROR:device_event_log_impl.cc(211)] [14:18:37.728] USB: usb_device_handle_win.cc:1049 Failed to read descriptor from node connection: A device attached to the system is not functioning. (0x1F)
Mar 02, 2021 14:18:37.769 [8152:776:0302/141837.769:ERROR:device_event_log_impl.cc(211)] [14:18:37.770] Bluetooth: bluetooth_adapter_winrt.cc:1072 Getting Default Adapter failed.

Mar 03, 2021 11:04:04.941 NEW SESSION
Mar 03, 2021 11:04:04.941 [7452:2704:0303/110404.932:ERROR:device_event_log_impl.cc(211)] [11:04:04.932] USB: usb_device_handle_win.cc:1049 Failed to read descriptor from node connection: A device attached to the system is not functioning. (0x1F)
Mar 03, 2021 11:04:04.997 [7452:2704:0303/110404.997:ERROR:device_event_log_impl.cc(211)] [11:04:04.997] Bluetooth: bluetooth_adapter_winrt.cc:1072 Getting Default Adapter failed.
Mar 03, 2021 11:20:35.105 [1872:7280:0303/112035.104:ERROR:device_event_log_impl.cc(211)] [11:20:35.105] USB: usb_device_handle_win.cc:1049 Failed to read descriptor from node connection: A device attached to the system is not functioning. (0x1F)
Mar 03, 2021 11:20:35.149 [1872:7280:0303/112035.149:ERROR:device_event_log_impl.cc(211)] [11:20:35.150] Bluetooth: bluetooth_adapter_winrt.cc:1072 Getting Default Adapter failed.
Mar 03, 2021 12:28:26.207 [3724:3760:0303/122826.206:ERROR:device_event_log_impl.cc(211)] [12:28:26.206] USB: usb_device_handle_win.cc:1049 Failed to read descriptor from node connection: A device attached to the system is not functioning. (0x1F)
Mar 03, 2021 12:28:26.299 [3724:3760:0303/122826.298:ERROR:device_event_log_impl.cc(211)] [12:28:26.298] Bluetooth: bluetooth_adapter_winrt.cc:1072 Getting Default Adapter failed.
Mar 03, 2021 12:41:17.733 [3724:6592:0303/124117.732:ERROR:connection_factory_impl.cc(428)] Failed to connect to MCS endpoint with error -105
Mar 03, 2021 12:41:56.485 [3724:6592:0303/124156.485:ERROR:connection_factory_impl.cc(428)] Failed to connect to MCS endpoint with error -105
Mar 03, 2021 12:43:09.935 [3724:6592:0303/124309.934:ERROR:connection_factory_impl.cc(428)] Failed to connect to MCS endpoint with error -118
Mar 03, 2021 12:56:12.810 [3724:3760:0303/125612.809:ERROR:device_event_log_impl.cc(211)] [12:56:12.809] USB: usb_service_win.cc:258 Failed to get device driver name: Element not found. (0x490)
Mar 03, 2021 13:05:24.964 [3724:6592:0303/130524.963:ERROR:connection_factory_impl.cc(428)] Failed to connect to MCS endpoint with error -105
Mar 03, 2021 13:05:27.973 [3724:6592:0303/130527.972:ERROR:connection_factory_impl.cc(428)] Failed to connect to MCS endpoint with error -105
Mar 03, 2021 13:05:31.770 [3724:6592:0303/130531.770:ERROR:connection_factory_impl.cc(428)] Failed to connect to MCS endpoint with error -105
Mar 03, 2021 13:05:34.777 [3724:6592:0303/130534.777:ERROR:connection_factory_impl.cc(428)] Failed to connect to MCS endpoint with error -105
Mar 03, 2021 13:05:54.219 [3724:6592:0303/130554.219:ERROR:connection_factory_impl.cc(428)] Failed to connect to MCS endpoint with error -105
Mar 03, 2021 13:06:18.237 [3724:6592:0303/130618.236:ERROR:connection_factory_impl.cc(428)] Failed to connect to MCS endpoint with error -118

Mar 03, 2021 19:40:00.555 NEW SESSION
Mar 03, 2021 19:40:00.555 [4116:2968:0303/194000.456:ERROR:device_event_log_impl.cc(211)] [19:40:00.457] USB: usb_device_handle_win.cc:1049 Failed to read descriptor from node connection: A device attached to the system is not functioning. (0x1F)
Mar 03, 2021 19:40:00.629 [4116:2968:0303/194000.489:ERROR:device_event_log_impl.cc(211)] [19:40:00.490] Bluetooth: bluetooth_adapter_winrt.cc:1072 Getting Default Adapter failed.

Mar 03, 2021 20:03:54.233 NEW SESSION
Mar 03, 2021 20:03:54.233 [6260:2552:0303/200354.230:ERROR:device_event_log_impl.cc(211)] [20:03:54.230] USB: usb_device_handle_win.cc:1049 Failed to read descriptor from node connection: A device attached to the system is not functioning. (0x1F)
Mar 03, 2021 20:03:54.328 [6260:3096:0303/200354.259:ERROR:connection_factory_impl.cc(428)] Failed to connect to MCS endpoint with error -106
Mar 03, 2021 20:03:54.340 [6260:2552:0303/200354.281:ERROR:device_event_log_impl.cc(211)] [20:03:54.281] Bluetooth: bluetooth_adapter_winrt.cc:1072 Getting Default Adapter failed.
Mar 03, 2021 20:04:17.383 [6260:3096:0303/200417.382:ERROR:connection_factory_impl.cc(428)] Failed to connect to MCS endpoint with error -106
Mar 03, 2021 20:05:08.802 [6260:3096:0303/200508.802:ERROR:connection_factory_impl.cc(428)] Failed to connect to MCS endpoint with error -106
Mar 03, 2021 20:06:45.312 [6260:3096:0303/200645.312:ERROR:connection_factory_impl.cc(428)] Failed to connect to MCS endpoint with error -106
Mar 03, 2021 20:09:49.88 [6260:3096:0303/200949.088:ERROR:connection_factory_impl.cc(428)] Failed to connect to MCS endpoint with error -106

Mar 03, 2021 21:10:09.37 NEW SESSION
Mar 03, 2021 21:10:09.37 [6320:1432:0303/211009.017:ERROR:device_event_log_impl.cc(211)] [21:10:09.017] USB: usb_device_handle_win.cc:1049 Failed to read descriptor from node connection: A device attached to the system is not functioning. (0x1F)
Mar 03, 2021 21:10:09.193 [6320:1432:0303/211009.192:ERROR:device_event_log_impl.cc(211)] [21:10:09.192] Bluetooth: bluetooth_adapter_winrt.cc:1072 Getting Default Adapter failed.

Mar 04, 2021 20:33:09.219 NEW SESSION
Mar 04, 2021 20:33:09.219 [2260:4448:0304/203309.216:ERROR:device_event_log_impl.cc(214)] [20:33:09.216] USB: usb_device_handle_win.cc:1056 Failed to read descriptor from node connection: A device attached to the system is not functioning. (0x1F)
Mar 04, 2021 20:33:09.276 [2260:4448:0304/203309.276:ERROR:device_event_log_impl.cc(214)] [20:33:09.276] Bluetooth: bluetooth_adapter_winrt.cc:1072 Getting Default Adapter failed.
Mar 04, 2021 21:06:34.832 [2260:2612:0304/210634.831:ERROR:connection_factory_impl.cc(428)] Failed to connect to MCS endpoint with error -106
Mar 04, 2021 21:06:57.582 [2260:2612:0304/210657.581:ERROR:connection_factory_impl.cc(428)] Failed to connect to MCS endpoint with error -106
Mar 04, 2021 21:07:51.347 [2260:2612:0304/210751.346:ERROR:connection_factory_impl.cc(428)] Failed to connect to MCS endpoint with error -106
Mar 04, 2021 21:09:22.738 [2260:2612:0304/210922.737:ERROR:connection_factory_impl.cc(428)] Failed to connect to MCS endpoint with error -106
Mar 04, 2021 21:12:43.210 [2260:2612:0304/211243.209:ERROR:connection_factory_impl.cc(428)] Failed to connect to MCS endpoint with error -106
Mar 04, 2021 21:20:40.872 [2260:2612:0304/212040.872:ERROR:connection_factory_impl.cc(428)] Failed to connect to MCS endpoint with error -106
Mar 04, 2021 21:27:29.70 [2260:5872:0304/212729.069:ERROR:block_files.cc(109)] Failing CreateMapBlock
Mar 04, 2021 21:27:29.99 [2260:5872:0304/212729.070:ERROR:entry_impl.cc(998)] Failed to save user data
Mar 04, 2021 21:27:46.57 [2260:5872:0304/212746.056:ERROR:block_files.cc(109)] Failing CreateMapBlock
Mar 04, 2021 21:27:46.77 [2260:5872:0304/212746.056:ERROR:backend_impl.cc(584)] Create entry failed Chrome/89.0.4389.72-Google Inc.-ANGLE (Mobile Intel(R) 4 Series Express Chipset Family (Microsoft Corporation - WDDM 1.1) Direct3D9Ex vs_3_0 ps_3_0)-8.15.10.2702-ANGLE:EDIAAQIKAAAAAAAAZAAAABMAAQD/////HAARABMAAQD/////FQADAAAhAwAgAFsAAAAAAAAAAAABAAAANAAfAAQAAAAAAAAAAgAAAEQAWAA=
Mar 04, 2021 21:27:46.93 [2260:2612:0304/212746.056:ERROR:shader_disk_cache.cc(235)] Failed to create shader cache entry: -2

Mar 04, 2021 22:41:33.153 NEW SESSION
Mar 04, 2021 22:41:33.153 [4172:960:0304/224133.150:ERROR:device_event_log_impl.cc(214)] [22:41:33.149] USB: usb_device_handle_win.cc:1056 Failed to read descriptor from node connection: A device attached to the system is not functioning. (0x1F)
Mar 04, 2021 22:41:33.209 [4172:960:0304/224133.209:ERROR:device_event_log_impl.cc(214)] [22:41:33.208] Bluetooth: bluetooth_adapter_winrt.cc:1072 Getting Default Adapter failed.

Mar 05, 2021 10:54:22.674 NEW SESSION
Mar 05, 2021 10:54:22.674 [4116:6400:0305/105422.636:ERROR:device_event_log_impl.cc(214)] [10:54:22.636] USB: usb_device_handle_win.cc:1056 Failed to read descriptor from node connection: A device attached to the system is not functioning. (0x1F)
Mar 05, 2021 10:54:22.735 [4116:6400:0305/105422.678:ERROR:device_event_log_impl.cc(214)] [10:54:22.679] Bluetooth: bluetooth_adapter_winrt.cc:1072 Getting Default Adapter failed.

Mar 06, 2021 12:05:36.512 NEW SESSION
Mar 06, 2021 12:05:36.512 [8100:3428:0306/120536.495:ERROR:device_event_log_impl.cc(214)] [12:05:36.495] USB: usb_device_handle_win.cc:1056 Failed to read descriptor from node connection: A device attached to the system is not functioning. (0x1F)
Mar 06, 2021 12:05:36.562 [8100:3428:0306/120536.544:ERROR:device_event_log_impl.cc(214)] [12:05:36.544] Bluetooth: bluetooth_adapter_winrt.cc:1072 Getting Default Adapter failed.
Mar 06, 2021 12:10:04.337 [8100:2260:0306/121004.336:ERROR:connection_factory_impl.cc(428)] Failed to connect to MCS endpoint with error -105
Mar 06, 2021 12:12:08.297 [8100:2260:0306/121208.296:ERROR:connection_factory_impl.cc(428)] Failed to connect to MCS endpoint with error -105
Mar 06, 2021 12:42:19.96 [8100:2260:0306/124219.096:ERROR:connection_factory_impl.cc(428)] Failed to connect to MCS endpoint with error -106
Mar 06, 2021 12:43:50.411 [8100:2260:0306/124350.410:ERROR:connection_factory_impl.cc(428)] Failed to connect to MCS endpoint with error -105

Mar 09, 2021 23:26:34.280 NEW SESSION
Mar 09, 2021 23:26:34.280 [4168:5524:0309/232634.254:ERROR:device_event_log_impl.cc(214)] [23:26:34.254] USB: usb_device_handle_win.cc:1056 Failed to read descriptor from node connection: A device attached to the system is not functioning. (0x1F)
Mar 09, 2021 23:26:34.368 [4168:5524:0309/232634.325:ERROR:device_event_log_impl.cc(214)] [23:26:34.325] Bluetooth: bluetooth_adapter_winrt.cc:1072 Getting Default Adapter failed.
Mar 10, 2021 24:27:25.424 [4168:5524:0310/002725.424:ERROR:device_event_log_impl.cc(214)] [00:27:25.423] USB: usb_service_win.cc:258 Failed to get device driver name: Element not found. (0x490)
Mar 10, 2021 24:27:38.272 [4168:6212:0310/002738.271:ERROR:connection_factory_impl.cc(428)] Failed to connect to MCS endpoint with error -105
Mar 10, 2021 24:47:43.363 [4168:6212:0310/004743.362:ERROR:connection_factory_impl.cc(428)] Failed to connect to MCS endpoint with error -105
Mar 10, 2021 24:48:20.925 [4168:6212:0310/004820.924:ERROR:connection_factory_impl.cc(428)] Failed to connect to MCS endpoint with error -105
Mar 10, 2021 24:49:27.314 [4168:6212:0310/004927.313:ERROR:connection_factory_impl.cc(428)] Failed to connect to MCS endpoint with error -105
Mar 10, 2021 24:51:45.201 [4168:6212:0310/005145.200:ERROR:connection_factory_impl.cc(428)] Failed to connect to MCS endpoint with error -118
Mar 10, 2021 01:12:03.750 [4168:6212:0310/011203.748:ERROR:connection_factory_impl.cc(428)] Failed to connect to MCS endpoint with error -105
Mar 10, 2021 01:12:27.765 [4168:6212:0310/011227.765:ERROR:connection_factory_impl.cc(428)] Failed to connect to MCS endpoint with error -118

Mar 10, 2021 02:48:14.678 NEW SESSION
Mar 10, 2021 02:48:14.678 [5076:6716:0310/024814.635:ERROR:device_event_log_impl.cc(214)] [02:48:14.636] USB: usb_device_handle_win.cc:1056 Failed to read descriptor from node connection: A device attached to the system is not functioning. (0x1F)
Mar 10, 2021 02:48:14.720 [5076:6716:0310/024814.719:ERROR:device_event_log_impl.cc(214)] [02:48:14.720] Bluetooth: bluetooth_adapter_winrt.cc:1072 Getting Default Adapter failed.

Mar 11, 2021 07:45:22.370 NEW SESSION
Mar 11, 2021 07:45:22.370 [5272:5984:0311/074522.367:ERROR:device_event_log_impl.cc(214)] [07:45:22.367] USB: usb_device_handle_win.cc:1056 Failed to read descriptor from node connection: A device attached to the system is not functioning. (0x1F)
Mar 11, 2021 07:45:22.463 [5272:5984:0311/074522.418:ERROR:device_event_log_impl.cc(214)] [07:45:22.418] Bluetooth: bluetooth_adapter_winrt.cc:1072 Getting Default Adapter failed.
Mar 11, 2021 07:45:26.261 [5272:4180:0311/074526.260:ERROR:connection_factory_impl.cc(428)] Failed to connect to MCS endpoint with error -106
Mar 11, 2021 07:45:49.576 [5272:4180:0311/074549.575:ERROR:connection_factory_impl.cc(428)] Failed to connect to MCS endpoint with error -106
Mar 11, 2021 07:46:41.583 [5272:4180:0311/074641.582:ERROR:connection_factory_impl.cc(428)] Failed to connect to MCS endpoint with error -106
Mar 11, 2021 07:48:03.670 [5272:4180:0311/074803.669:ERROR:connection_factory_impl.cc(428)] Failed to connect to MCS endpoint with error -106
Mar 11, 2021 07:51:00.283 [5272:4180:0311/075100.282:ERROR:connection_factory_impl.cc(428)] Failed to connect to MCS endpoint with error -106
Mar 11, 2021 07:57:07.703 [5272:4180:0311/075707.702:ERROR:connection_factory_impl.cc(428)] Failed to connect to MCS endpoint with error -106
Mar 11, 2021 08:07:07.706 [5272:4180:0311/080707.706:ERROR:connection_factory_impl.cc(428)] Failed to connect to MCS endpoint with error -106
Mar 11, 2021 08:17:07.709 [5272:4180:0311/081707.708:ERROR:connection_factory_impl.cc(428)] Failed to connect to MCS endpoint with error -106
Mar 11, 2021 08:27:07.710 [5272:4180:0311/082707.709:ERROR:connection_factory_impl.cc(428)] Failed to connect to MCS endpoint with error -106

Mar 11, 2021 21:56:34.792 NEW SESSION
Mar 11, 2021 21:56:34.793 [7112:1792:0311/215634.783:ERROR:device_event_log_impl.cc(214)] [21:56:34.783] USB: usb_device_handle_win.cc:1056 Failed to read descriptor from node connection: A device attached to the system is not functioning. (0x1F)
Mar 11, 2021 21:56:34.837 [7112:1792:0311/215634.836:ERROR:device_event_log_impl.cc(214)] [21:56:34.836] Bluetooth: bluetooth_adapter_winrt.cc:1072 Getting Default Adapter failed.
Mar 11, 2021 21:56:34.892 [7112:6412:0311/215634.891:ERROR:connection_factory_impl.cc(428)] Failed to connect to MCS endpoint with error -106
Mar 11, 2021 21:56:34.907 [7112:6412:0311/215634.893:ERROR:registration_request.cc(246)] Registration URL fetching failed.
Mar 11, 2021 21:57:00.510 [7112:6412:0311/215700.510:ERROR:connection_factory_impl.cc(428)] Failed to connect to MCS endpoint with error -106
Mar 11, 2021 21:57:01.640 [7112:6412:0311/215701.640:ERROR:registration_request.cc(246)] Registration URL fetching failed.
Mar 11, 2021 21:57:46.495 [7112:6412:0311/215746.494:ERROR:registration_request.cc(246)] Registration URL fetching failed.
Mar 11, 2021 21:57:55.171 [7112:6412:0311/215755.170:ERROR:connection_factory_impl.cc(428)] Failed to connect to MCS endpoint with error -106
Mar 11, 2021 21:59:14.770 [7112:6412:0311/215914.769:ERROR:registration_request.cc(246)] Registration URL fetching failed.
Mar 11, 2021 21:59:50.452 [7112:6412:0311/215950.451:ERROR:connection_factory_impl.cc(428)] Failed to connect to MCS endpoint with error -106
Mar 11, 2021 22:02:06.948 [7112:6412:0311/220206.947:ERROR:registration_request.cc(246)] Registration URL fetching failed.
Mar 11, 2021 22:03:31.354 [7112:6412:0311/220331.354:ERROR:connection_factory_impl.cc(428)] Failed to connect to MCS endpoint with error -106
Mar 11, 2021 22:08:37.351 [7112:6412:0311/220837.349:ERROR:registration_request.cc(246)] Registration URL fetching failed.
Mar 11, 2021 22:09:06.438 [7112:6412:0311/220906.437:ERROR:connection_factory_impl.cc(428)] Failed to connect to MCS endpoint with error -106
Mar 11, 2021 22:19:06.440 [7112:6412:0311/221906.439:ERROR:connection_factory_impl.cc(428)] Failed to connect to MCS endpoint with error -106

Mar 14, 2021 18:08:53.544 NEW SESSION
Mar 14, 2021 18:08:53.544 [5136:5976:0314/180853.507:ERROR:device_event_log_impl.cc(214)] [18:08:53.507] USB: usb_device_handle_win.cc:1056 Failed to read descriptor from node connection: A device attached to the system is not functioning. (0x1F)
Mar 14, 2021 18:08:53.742 [5136:5976:0314/180853.546:ERROR:device_event_log_impl.cc(214)] [18:08:53.546] Bluetooth: bluetooth_adapter_winrt.cc:1072 Getting Default Adapter failed.
Mar 14, 2021 18:08:53.825 [5136:6672:0314/180853.825:ERROR:connection_factory_impl.cc(428)] Failed to connect to MCS endpoint with error -106
Mar 14, 2021 18:09:21.633 [5136:6672:0314/180921.632:ERROR:connection_factory_impl.cc(428)] Failed to connect to MCS endpoint with error -106
Mar 14, 2021 18:10:06.483 [5136:6672:0314/181006.482:ERROR:connection_factory_impl.cc(428)] Failed to connect to MCS endpoint with error -106
Mar 14, 2021 18:11:36.872 [5136:6672:0314/181136.871:ERROR:connection_factory_impl.cc(428)] Failed to connect to MCS endpoint with error -106
